2024-11-22 08:20:08,331 - OkexExecutionEngine - INFO - Fetched balance for ETH: ({'code': '0', 'data': [{'adjEq': '', 'borrowFroz': '', 'details': [{'accAvgPx': '', 'availBal': '0.0187969755150834', 'availEq': '0.0187969755150834', 'borrowFroz': '', 'cashBal': '0.0519989024032185', 'ccy': 'ETH', 'clSpotInUseAmt': '', 'crossLiab': '', 'disEq': '174.9502760607372', 'eq': '0.0528019313677798', 'eqUsd': '178.52068985789512', 'fixedBal': '0', 'frozenBal': '0.0340049558526964', 'imr': '0.0340049558526964', 'interest': '', 'isoEq': '0', 'isoLiab': '', 'isoUpl': '0', 'liab': '', 'maxLoan': '', 'maxSpotInUse': '', 'mgnRatio': '11.502012213554899', 'mmr': '0.0040805947023236', 'notionalLever': '19.320290927907173', 'openAvgPx': '', 'ordFrozen': '0', 'rewardBal': '0', 'smtSyncEq': '0', 'spotBal': '', 'spotCopyTradingEq': '0', 'spotInUseAmt': '', 'spotIsoBal': '0', 'spotUpl': '', 'spotUplRatio': '', 'stgyEq': '0', 'totalPnl': '', 'totalPnlRatio': '', 'twap': '0', 'uTime': '1732252789627', 'upl': '0.0008030289645613', 'uplLiab': ''}], 'imr': '', 'isoEq': '0', 'mgnRatio': '', 'mmr': '', 'notionalUsd': '', 'ordFroz': '', 'totalEq': '180.3251462841937', 'uTime': '1732260008236', 'upl': ''}], 'msg': ''}, None)
2024-11-22 08:24:06,532 - OkexExecutionEngine - ERROR - 获取ETH余额时发生异常：tuple indices must be integers or slices, not str
2024-11-22 08:26:29,672 - OkexExecutionEngine - ERROR - 获取ETH余额时发生异常：'eq'
2024-11-22 08:37:55,044 - OkexExecutionEngine - INFO - 成功获取ETH的余额：可用余额 0.0182293610462576, 总权益 178.3637115733486 USD, 账户总资产折合 176.55431141088187 USD
2024-11-22 08:56:01,463 - OkexExecutionEngine - INFO - 成功获取ETH的余额：可用余额 -0.0029974614184977, 总权益 168.32489001605512 USD, 账户总资产折合 166.5161810308316 USD
2024-11-22 08:56:06,266 - OkexExecutionEngine - INFO - 成功获取ETH的余额：可用余额 -0.0034208455491762, 总权益 166.91423843410337 USD, 账户总资产折合 165.10553308665487 USD
2024-11-22 08:56:07,739 - OkexExecutionEngine - INFO - 成功获取ETH的余额：可用余额 -0.0035074740617246, 总权益 166.62497847211944 USD, 账户总资产折合 164.81640590345688 USD
2024-11-22 08:56:08,946 - OkexExecutionEngine - INFO - 成功获取ETH的余额：可用余额 -0.0035171000226955, 总权益 166.59009486006497 USD, 账户总资产折合 164.7815659447019 USD
2024-11-22 08:56:10,186 - OkexExecutionEngine - INFO - 成功获取ETH的余额：可用余额 -0.0035941118198529, 总权益 166.33718265569368 USD, 账户总资产折合 164.52873377137968 USD
2024-11-22 08:56:11,362 - OkexExecutionEngine - INFO - 成功获取ETH的余额：可用余额 -0.0036518754624356, 总权益 166.14752938781223 USD, 账户总资产折合 164.33921873894664 USD
2024-11-22 08:56:13,343 - OkexExecutionEngine - INFO - 成功获取ETH的余额：可用余额 -0.0040611522928479, 总权益 164.77004198017227 USD, 账户总资产折合 162.96178407904355 USD
2024-11-22 08:56:14,548 - OkexExecutionEngine - INFO - 成功获取ETH的余额：可用余额 -0.0040948666393727, 总权益 164.65763952544842 USD, 账户总资产折合 162.84935434100754 USD
2024-11-22 08:56:15,736 - OkexExecutionEngine - INFO - 成功获取ETH的余额：可用余额 -0.0041574827109448, 总权益 164.44701725897352 USD, 账户总资产折合 162.6387611767323 USD
2024-11-22 08:56:16,863 - OkexExecutionEngine - INFO - 成功获取ETH的余额：可用余额 -0.0041430324197441, 总权益 164.49416818625062 USD, 账户总资产折合 162.68591210400942 USD
2024-11-22 08:56:18,022 - OkexExecutionEngine - INFO - 成功获取ETH的余额：可用余额 -0.0042682768197601, 总权益 164.07339584581806 USD, 账户总资产折合 162.26521070018853 USD
2024-11-22 08:56:19,168 - OkexExecutionEngine - INFO - 成功获取ETH的余额：可用余额 -0.0043116351510079, 总权益 163.92837762602343 USD, 账户总资产折合 162.12037800691678 USD
2024-11-22 08:56:20,332 - OkexExecutionEngine - INFO - 成功获取ETH的余额：可用余额 -0.0044272686851255, 总权益 163.54273749525825 USD, 账户总资产折合 161.73494886709912 USD
2024-11-22 08:56:21,583 - OkexExecutionEngine - INFO - 成功获取ETH的余额：可用余额 -0.0045140046403739, 总权益 163.25728141186835 USD, 账户总资产折合 161.44957827142073 USD
2024-11-22 08:56:22,602 - OkexExecutionEngine - INFO - 成功获取ETH的余额：可用余额 -0.0045477377910795, 总权益 163.14722863994064 USD, 账户总资产折合 161.339525499493 USD
2024-11-22 08:56:23,573 - OkexExecutionEngine - INFO - 成功获取ETH的余额：可用余额 -0.0046585851504895, 总权益 162.77839729703692 USD, 账户总资产折合 160.97072871545137 USD
2024-11-22 08:56:25,000 - OkexExecutionEngine - INFO - 成功获取ETH的余额：可用余额 -0.0046537653855413, 总权益 162.79412084732263 USD, 账户总资产折合 160.98645226573709 USD
2024-11-22 08:56:27,715 - OkexExecutionEngine - INFO - 成功获取ETH的余额：可用余额 -0.0047212446971854, 总权益 162.56059299780514 USD, 账户总资产折合 160.75296079396927 USD
2024-11-22 08:56:28,829 - OkexExecutionEngine - INFO - 成功获取ETH的余额：可用余额 -0.0046152082954, 总权益 162.91370736604915 USD, 账户总资产折合 161.10602423336385 USD
2024-11-22 08:56:29,901 - OkexExecutionEngine - INFO - 成功获取ETH的余额：可用余额 -0.0045621952845219, 总权益 163.08623242205158 USD, 账户总资产折合 161.27848380941705 USD
2024-11-22 08:56:31,992 - OkexExecutionEngine - INFO - 成功获取ETH的余额：可用余额 -0.0044995480046235, 总权益 163.292015696699 USD, 账户总资产折合 161.48428709182673 USD
2024-11-22 08:56:33,235 - OkexExecutionEngine - INFO - 成功获取ETH的余额：可用余额 -0.0046296669897398, 总权益 162.8555004168397 USD, 账户总资产折合 161.04786821300382 USD
2024-11-22 08:57:30,866 - OkexExecutionEngine - INFO - 成功获取ETH的余额：可用余额 -0.0054928351118258, 总权益 159.98721295461917 USD, 账户总资产折合 158.18061205998396 USD
2024-11-22 08:57:35,983 - OkexExecutionEngine - INFO - 成功获取ETH的余额：可用余额 -0.0055555590252715, 总权益 159.77794318997195 USD, 账户总资产折合 157.97138776752374 USD
2024-11-22 08:57:37,289 - OkexExecutionEngine - INFO - 成功获取ETH的余额：可用余额 -0.0055603841421904, 总权益 159.76220946428765 USD, 账户总资产折合 157.95565404183944 USD
2024-11-22 08:57:38,502 - OkexExecutionEngine - INFO - 成功获取ETH的余额：可用余额 -0.0055796848963095, 总权益 159.69739924631085 USD, 账户总资产折合 157.89084382386264 USD
2024-11-22 08:57:39,554 - OkexExecutionEngine - INFO - 成功获取ETH的余额：可用余额 -0.0055410838463772, 总权益 159.82713609085474 USD, 账户总资产折合 158.02046425960788 USD
2024-11-22 08:57:40,455 - OkexExecutionEngine - INFO - 成功获取ETH的余额：可用余额 -0.0060575246492207, 总权益 158.09209260724572 USD, 账户总资产折合 156.28539894934912 USD
2024-11-22 08:57:41,423 - OkexExecutionEngine - INFO - 成功获取ETH的余额：可用余额 -0.0059947619935681, 总权益 158.29410801039037 USD, 账户总资产折合 156.48720336154625 USD
2024-11-22 08:57:42,521 - OkexExecutionEngine - INFO - 成功获取ETH的余额：可用余额 -0.0058885593051528, 总权益 158.64218253560156 USD, 账户总资产折合 156.8352560601077 USD
2024-11-22 08:57:43,615 - OkexExecutionEngine - INFO - 成功获取ETH的余额：可用余额 -0.0058402899418726, 总权益 158.7987256647848 USD, 账户总资产折合 156.99167004827993 USD
2024-11-22 08:57:44,550 - OkexExecutionEngine - INFO - 成功获取ETH的余额：可用余额 -0.0058209829990247, 总权益 158.86064312116235 USD, 账户总资产折合 157.05367299236897 USD
2024-11-22 08:57:45,585 - OkexExecutionEngine - INFO - 成功获取ETH的余额：可用余额 -0.0058209829990247, 总权益 158.85785647353651 USD, 账户总资产折合 157.05087543141826 USD
2024-11-22 08:57:46,510 - OkexExecutionEngine - INFO - 成功获取ETH的余额：可用余额 -0.0058016765147032, 总权益 158.92084897186027 USD, 账户总资产折合 157.11380790645518 USD
2024-11-22 08:57:47,560 - OkexExecutionEngine - INFO - 成功获取ETH的余额：可用余额 -0.0058209829990247, 总权益 158.85368559653517 USD, 账户总资产折合 157.04667908999218 USD
2024-11-22 08:57:48,599 - OkexExecutionEngine - INFO - 成功获取ETH的余额：可用余额 -0.0057968499652654, 总权益 158.93151590629546 USD, 账户总资产折合 157.12440936094114 USD
2024-11-22 08:58:00,103 - OkexExecutionEngine - INFO - 成功获取ETH的余额：可用余额 -0.0059030406730241, 总权益 158.56786343351553 USD, 账户总资产折合 156.7610533668203 USD
2024-11-22 08:58:01,241 - OkexExecutionEngine - INFO - 成功获取ETH的余额：可用余额 -0.0059030406730241, 总权益 158.5678743468404 USD, 账户总资产折合 156.7610533668203 USD
2024-11-22 08:58:02,333 - OkexExecutionEngine - INFO - 成功获取ETH的余额：可用余额 -0.0059175222988554, 总权益 158.51831296479025 USD, 账户总资产折合 156.71152836251974 USD
2024-11-22 08:58:03,455 - OkexExecutionEngine - INFO - 成功获取ETH的余额：可用余额 -0.0059030406730241, 总权益 158.5743399427179 USD, 账户总资产折合 156.76756989154728 USD
2024-11-22 08:58:04,469 - OkexExecutionEngine - INFO - 成功获取ETH的余额：可用余额 -0.0058306364131318, 总权益 158.8103199210446 USD, 账户总资产折合 157.0035589643114 USD
2024-11-22 08:58:05,538 - OkexExecutionEngine - INFO - 成功获取ETH的余额：可用余额 -0.0059416589151713, 总权益 158.44055484549116 USD, 账户总资产折合 156.63379388875796 USD
2024-11-22 08:58:09,076 - OkexExecutionEngine - INFO - 成功获取ETH的余额：可用余额 -0.0061009785568554, 总权益 157.911379073449 USD, 账户总资产折合 156.10481091878862 USD
2024-11-22 08:58:10,561 - OkexExecutionEngine - INFO - 成功获取ETH的余额：可用余额 -0.0061540920424263, 总权益 157.73451831695868 USD, 账户总资产折合 155.92801200447255 USD
2024-11-22 09:06:04,455 - OkexExecutionEngine - INFO - 成功获取ETH的余额：可用余额 -0.0037202228814672, 冻结余额：0.052365383912366, 杠杆率:32.29430192189363, 总权益 165.84440654994617 USD, 账户总资产折合 164.03926622195578 USD
2024-11-22 09:12:05,742 - OkexExecutionEngine - INFO - 成功获取ETH的余额：可用余额 -0.0025278057287478, 冻结余额：0.0523269188429235, 杠杆率:31.522801654892266, 总权益 169.8407493143831 USD, 账户总资产折合 168.03664939003184 USD
2024-11-22 09:12:15,805 - OkexExecutionEngine - INFO - 成功获取ETH的余额：可用余额 -0.0026719565933266, 冻结余额：0.0523315688708131, 杠杆率:31.614162779843873, 总权益 169.38236427039666 USD, 账户总资产折合 167.57834801486948 USD
2024-11-22 09:12:18,302 - OkexExecutionEngine - INFO - 成功获取ETH的余额：可用余额 -0.0021963559392811, 冻结余额：0.052316226914231, 杠杆率:31.314661767811913, 总权益 170.96260857453592 USD, 账户总资产折合 169.15857413013393 USD
2024-11-22 09:12:21,094 - OkexExecutionEngine - INFO - 成功获取ETH的余额：可用余额 -0.0021531333436885, 冻结余额：0.0523148326369538, 杠杆率:31.28771555231834, 总权益 171.11728977617565 USD, 账户总资产折合 169.31329170952324 USD
2024-11-22 09:12:23,578 - OkexExecutionEngine - INFO - 成功获取ETH的余额：可用余额 -0.0022587926449095, 冻结余额：0.0523182410015093, 杠杆率:31.353666122418424, 总权益 170.75828088632463 USD, 账户总资产折合 168.95464295939308 USD
2024-11-22 09:12:25,185 - OkexExecutionEngine - INFO - 成功获取ETH的余额：可用余额 -0.002378876745629, 冻结余额：0.0523221146821777, 杠杆率:31.42894824840029, 总权益 170.3572527660603 USD, 账户总资产折合 168.55393314443756 USD
2024-11-22 09:12:26,528 - OkexExecutionEngine - INFO - 成功获取ETH的余额：可用余额 -0.0023020208727529, 冻结余额：0.052319635460472, 杠杆率:31.380726105229833, 总权益 170.61318900027146 USD, 账户总资产折合 168.8099494096978 USD
2024-11-22 09:12:27,736 - OkexExecutionEngine - INFO - 成功获取ETH的余额：可用余额 -0.0022155667213015, 冻结余额：0.0523168466168768, 杠杆率:31.326652767705365, 总权益 170.9019606463019 USD, 账户总资产折合 169.09883382675193 USD
2024-11-22 09:12:29,077 - OkexExecutionEngine - INFO - 成功获取ETH的余额：可用余额 -0.0021195173620884, 冻结余额：0.0523137482504506, 杠杆率:31.266789424547063, 总权益 171.22965579480902 USD, 账户总资产折合 169.4266108251956 USD
2024-11-22 09:12:30,521 - OkexExecutionEngine - INFO - 成功获取ETH的余额：可用余额 -0.0019034478943166, 冻结余额：0.0523067782676192, 杠杆率:31.13292983631384, 总权益 171.94703077426513 USD, 账户总资产折合 170.14400217463904 USD
2024-11-22 09:12:31,953 - OkexExecutionEngine - INFO - 成功获取ETH的余额：可用余额 -0.0018218366340819, 冻结余额：0.0523041456463214, 杠杆率:31.08265846178324, 总权益 172.21672397861968 USD, 账户总资产折合 170.4136353557068 USD
2024-11-22 09:12:33,227 - OkexExecutionEngine - INFO - 成功获取ETH的余额：可用余额 -0.0017978348856437, 冻结余额：0.0523033713963717, 杠杆率:31.067903645729103, 总权益 172.3001838311937 USD, 账户总资产折合 170.4970952082808 USD
2024-11-22 09:12:34,877 - OkexExecutionEngine - INFO - 成功获取ETH的余额：可用余额 -0.0017690337254775, 冻结余额：0.052302442326689, 杠杆率:31.050216346637928, 总权益 172.3984683533173 USD, 账户总资产折合 170.5952287627436 USD
2024-11-22 09:12:36,477 - OkexExecutionEngine - INFO - 成功获取ETH的余额：可用余额 -0.0017066347217782, 冻结余额：0.0523004294556019, 杠杆率:31.011962868622643, 总权益 172.60639462477022 USD, 账户总资产折合 170.80313320754678 USD
2024-11-22 09:12:37,555 - OkexExecutionEngine - INFO - 成功获取ETH的余额：可用余额 -0.0017450335402686, 冻结余额：0.0523016681271661, 杠杆率:31.0354923075047, 总权益 172.47287039200506 USD, 账户总资产折合 170.66959260479433 USD
2024-11-22 09:12:38,900 - OkexExecutionEngine - INFO - 成功获取ETH的余额：可用余额 -0.0019178507342414, 冻结余额：0.0523072428753588, 杠杆率:31.141818140336216, 总权益 171.89770989876635 USD, 账户总资产折合 170.09443211155562 USD
2024-11-22 09:12:40,092 - OkexExecutionEngine - INFO - 成功获取ETH的余额：可用余额 -0.0020234793788852, 冻结余额：0.0523106502509924, 杠杆率:31.207154435490928, 总权益 171.54712019430008 USD, 账户总资产折合 169.74384240708935 USD
2024-11-22 09:12:41,599 - OkexExecutionEngine - INFO - 成功获取ETH的余额：可用余额 -0.002004273147188, 冻结余额：0.0523100306951312, 杠杆率:31.195254725233678, 总权益 171.61392926550855 USD, 账户总资产折合 169.81060600611082 USD
2024-11-22 09:12:42,917 - OkexExecutionEngine - INFO - 成功获取ETH的余额：可用余额 -0.0019898687719726, 冻结余额：0.0523095660378662, 杠杆率:31.186335896333755, 总权益 171.66111653801627 USD, 账户总资产折合 169.8576604998326 USD
2024-11-22 09:12:44,384 - OkexExecutionEngine - INFO - 成功获取ETH的余额：可用余额 -0.0019370549188206, 冻结余额：0.0523078623651839, 杠杆率:31.15367711003039, 总权益 171.83789773654735 USD, 账户总资产折合 170.03421615631626 USD
2024-11-22 09:12:45,753 - OkexExecutionEngine - INFO - 成功获取ETH的余额：可用余额 -0.0019658620486073, 冻结余额：0.0523087916274351, 杠杆率:31.171482509095433, 总权益 171.74218188883816 USD, 账户总资产折合 169.93809651558672 USD
2024-11-22 09:12:47,113 - OkexExecutionEngine - INFO - 成功获取ETH的余额：可用余额 -0.0021867507189363, 冻结余额：0.0523159170684134, 杠杆率:31.308669709580627, 总权益 171.00080830729888 USD, 账户总资产折合 169.19696484608215 USD
2024-11-22 09:12:48,493 - OkexExecutionEngine - INFO - 成功获取ETH的余额：可用余额 -0.0021819481514295, 冻结余额：0.052315762146881, 杠杆率:31.30567454031774, 总权益 171.01642783610754 USD, 账户总资产折合 169.21265167372752 USD
2024-11-22 09:12:49,663 - OkexExecutionEngine - INFO - 成功获取ETH的余额：可用余额 -0.0021579357405394, 冻结余额：0.0523149875529813, 杠杆率:31.29070728595184, 总权益 171.09691597280442 USD, 账户总资产折合 169.29309070046247 USD
2024-11-22 09:12:51,110 - OkexExecutionEngine - INFO - 成功获取ETH的余额：可用余额 -0.002129121786056, 冻结余额：0.0523140580705786, 杠杆率:31.27276546132391, 总权益 171.19450260827983 USD, 账户总资产折合 169.39072098923742 USD
2024-11-22 09:12:52,629 - OkexExecutionEngine - INFO - 成功获取ETH的余额：可用余额 -0.0018890453102499, 冻结余额：0.0523063136681332, 杠杆率:31.124046604532765, 总权益 171.99741080026106 USD, 账户总资产折合 170.1935727957068 USD
2024-11-22 09:12:54,103 - OkexExecutionEngine - INFO - 成功获取ETH的余额：可用余额 -0.0018890453102499, 冻结余额：0.0523063136681332, 杠杆率:31.124046604532765, 总权益 171.99518857524166 USD, 账户总资产折合 170.1915561049725 USD
2024-11-22 09:12:55,462 - OkexExecutionEngine - INFO - 成功获取ETH的余额：可用余额 -0.0019418560360411, 冻结余额：0.0523080172399329, 杠杆率:31.156643263825522, 总权益 171.81868619797692 USD, 账户总资产折合 170.0150064366333 USD
2024-11-22 09:12:56,796 - OkexExecutionEngine - INFO - 成功获取ETH的余额：可用余额 -0.0019466571816917, 冻结余额：0.0523081721155991, 杠杆率:31.159609982491475, 总权益 171.8010624557318 USD, 账户总资产折合 169.99730812000158 USD
2024-11-22 09:14:00,917 - OkexExecutionEngine - INFO - 成功获取ETH的余额：可用余额 -0.0016010473485825, 冻结余额：0.0522970234113052, 杠杆率:30.947440491096348, 总权益 172.9709003052697 USD, 账户总资产折合 171.16735877937396 USD
2024-11-22 09:14:29,635 - OkexExecutionEngine - INFO - 成功获取ETH的余额：可用余额 -0.0003398623763058, 冻结余额：0.0522563400251028, 杠杆率:30.19638988912434, 总权益 177.23912360864728 USD, 账户总资产折合 175.43564210603827 USD
2024-11-22 09:14:49,967 - OkexExecutionEngine - INFO - 持仓信息: 产品ID=ETH-USD-SWAP, 方向=net, 平均价格=3379.7862253786597526, 杠杆=30, 保证金率=7.326635594762697, 名义美元=5300, 持仓量=530, 未实现盈亏=0.0002337055158508
2024-11-22 09:14:49,968 - OkexExecutionEngine - ERROR - 获取仓位失败，错误信息：
2024-11-22 09:14:54,588 - OkexExecutionEngine - INFO - 持仓信息: 产品ID=ETH-USD-SWAP, 方向=net, 平均价格=3379.7862253786597526, 杠杆=30, 保证金率=7.330710076972519, 名义美元=5300, 持仓量=530, 未实现盈亏=0.0002615354058719
2024-11-22 09:14:54,588 - OkexExecutionEngine - ERROR - 获取仓位失败，错误信息：
2024-11-22 09:15:31,958 - OkexExecutionEngine - INFO - 持仓信息: 产品ID=ETH-USD-SWAP, 方向=net, 平均价格=3379.7862253786597526, 杠杆=30, 保证金率=7.192856762207069, 名义美元=5300, 持仓量=530, 未实现盈亏=-0.0006805916022619
2024-11-22 09:15:31,958 - OkexExecutionEngine - ERROR - 获取仓位失败，错误信息：
2024-11-22 09:18:16,165 - OkexExecutionEngine - INFO - 成功获取ETH的余额：可用余额 -0.0008047857873227, 冻结余额：0.0522713375544904, 杠杆率:30.469111933686676, 总权益 175.67617569725698 USD, 账户总资产折合 173.87408382468163 USD
2024-11-22 09:18:16,396 - OkexExecutionEngine - INFO - 持仓信息: 产品ID=ETH-USD-SWAP, 方向=net, 平均价格=3379.7862253786597526, 杠杆=30, 保证金率=7.29132341561095, 名义美元=5300, 持仓量=530, 未实现盈亏=-0.0000075282551903
2024-11-22 09:18:16,396 - OkexExecutionEngine - ERROR - 获取仓位失败，错误信息：
2024-11-22 09:18:23,964 - OkexExecutionEngine - INFO - 持仓信息: 产品ID=ETH-USD-SWAP, 方向=net, 平均价格=3379.7862253786597526, 杠杆=30, 保证金率=7.28860709413775, 名义美元=5300, 持仓量=530, 未实现盈亏=-0.0000260877738025
2024-11-22 09:18:23,965 - OkexExecutionEngine - ERROR - 获取仓位失败，错误信息：
2024-11-22 09:20:45,689 - OkexExecutionEngine - INFO - 成功获取ETH的余额：可用余额 -0.0033401900910219, 冻结余额：0.0523531247900936, 杠杆率:32.044474654413115, 总权益 167.11434912507877 USD, 账户总资产折合 165.31376692911098 USD
2024-11-22 09:20:45,948 - OkexExecutionEngine - INFO - 持仓信息: 产品ID=ETH-USD-SWAP, 方向=net, 平均价格=3379.7862253786597526, 杠杆=30, 保证金率=6.935485302620383, 名义美元=5300, 持仓量=530, 未实现盈亏=-0.0024425717133794
2024-11-22 09:25:05,605 - OkexExecutionEngine - INFO - 成功获取ETH的余额：可用余额 -0.0012028187723085, 冻结余额：0.0522841773281996, 杠杆率:30.706413536941746, 总权益 174.3082102647473 USD, 账户总资产折合 172.50532353834308 USD
2024-11-22 09:25:08,999 - OkexExecutionEngine - INFO - 成功获取ETH的余额：可用余额 -0.0010109712389309, 冻结余额：0.0522779886980907, 杠杆率:30.591591605501275, 总权益 174.9478485066819 USD, 账户总资产折合 173.14461073499496 USD
2024-11-22 09:25:10,400 - OkexExecutionEngine - INFO - 成功获取ETH的余额：可用余额 -0.0008383472855765, 冻结余额：0.0522724201834663, 杠杆率:30.48898360853561, 总权益 175.52547575492468 USD, 账户总资产折合 173.7221815977259 USD
2024-11-22 09:25:31,074 - OkexExecutionEngine - INFO - 成功获取ETH的余额：可用余额 0.0000385895119395, 冻结余额：0.0522441318996755, 杠杆率:29.977857209285823, 总权益 178.50221379296363 USD, 账户总资产折合 176.69939072762108 USD
2024-11-22 09:27:26,863 - OkexExecutionEngine - INFO - 成功获取ETH的余额：可用余额 -0.0003494457323112, 冻结余额：0.0522566491656191, 杠杆率:30.201963721332167, 总权益 177.20233595914684 USD, 账户总资产折合 175.39963112149053 USD
2024-11-22 09:27:27,112 - OkexExecutionEngine - INFO - 成功获取持仓信息：{'产品类型': 'SWAP', '保证金模式': 'cross', '持仓ID': '1855617672122892288', '持仓方向': 'net', '持仓数量': '530', '仓位资产币种': '', '可平仓数量': '', '开仓平均价': '3379.7862253786597526', '未实现收益': '0.0004470427616154', '未实现收益率': '0.0085523149124311', '最新成交价': '3380.79', '预估强平价': '3287.1252452806752', '最新标记价格': '3380.75', '初始保证金': '0.0522566491656191', '保证金余额': '', '保证金率': '7.3578732917046334', '维持保证金': '0.0062707978998743', '产品ID': 'ETH-USD-SWAP', '杠杆倍数': '30', '负债额': '', '负债币种': '', '利息': '', '最新成交ID': '318368913', '信号区': '1', '占用保证金的币种': 'ETH', '最新指数价格': '3379.1000000000000000'}
2024-11-22 09:27:27,356 - OkexExecutionEngine - INFO - 成功获取ETH的余额：可用余额 -0.0003494457323112, 冻结余额：0.0522566491656191, 杠杆率:30.201963721332167, 总权益 177.20225047143532 USD, 账户总资产折合 175.39963112149053 USD
2024-11-22 09:27:27,356 - OkexExecutionEngine - INFO - 成功获取ETH的余额：可用余额 -0.0003494457323112, 冻结余额：0.0522566491656191, 杠杆率:30.201963721332167, 总权益 177.20225047143532 USD, 账户总资产折合 175.39963112149053 USD
2024-11-22 09:27:27,573 - OkexExecutionEngine - INFO - 成功获取持仓信息：{'产品类型': 'SWAP', '保证金模式': 'cross', '持仓ID': '1855617672122892288', '持仓方向': 'net', '持仓数量': '530', '仓位资产币种': '', '可平仓数量': '', '开仓平均价': '3379.7862253786597526', '未实现收益': '0.0004470427616154', '未实现收益率': '0.0085523149124311', '最新成交价': '3380.79', '预估强平价': '3287.1252452806752', '最新标记价格': '3380.75', '初始保证金': '0.0522566491656191', '保证金余额': '', '保证金率': '7.3578732917046334', '维持保证金': '0.0062707978998743', '产品ID': 'ETH-USD-SWAP', '杠杆倍数': '30', '负债额': '', '负债币种': '', '利息': '', '最新成交ID': '318368913', '信号区': '1', '占用保证金的币种': 'ETH', '最新指数价格': '3379.1000000000000000'}
2024-11-22 09:27:27,573 - OkexExecutionEngine - INFO - 成功获取持仓信息：{'产品类型': 'SWAP', '保证金模式': 'cross', '持仓ID': '1855617672122892288', '持仓方向': 'net', '持仓数量': '530', '仓位资产币种': '', '可平仓数量': '', '开仓平均价': '3379.7862253786597526', '未实现收益': '0.0004470427616154', '未实现收益率': '0.0085523149124311', '最新成交价': '3380.79', '预估强平价': '3287.1252452806752', '最新标记价格': '3380.75', '初始保证金': '0.0522566491656191', '保证金余额': '', '保证金率': '7.3578732917046334', '维持保证金': '0.0062707978998743', '产品ID': 'ETH-USD-SWAP', '杠杆倍数': '30', '负债额': '', '负债币种': '', '利息': '', '最新成交ID': '318368913', '信号区': '1', '占用保证金的币种': 'ETH', '最新指数价格': '3379.1000000000000000'}
2024-11-22 09:27:59,559 - OkexExecutionEngine - INFO - 成功获取持仓信息：{'产品类型': 'SWAP', '保证金模式': 'cross', '持仓ID': '1855617672122892288', '持仓方向': 'net', '持仓数量': '530', '仓位资产币种': '', '可平仓数量': '', '开仓平均价': '3379.7862253786597526', '未实现收益': '0.0003589322413926', '未实现收益率': '0.0068666844073773', '最新成交价': '3380.22', '预估强平价': '3287.1252452806752', '最新标记价格': '3380.56', '初始保证金': '0.0522595861829598', '保证金余额': '', '保证金率': '7.344970764706861', '维持保证金': '0.0062711503419552', '产品ID': 'ETH-USD-SWAP', '杠杆倍数': '30', '负债额': '', '负债币种': '', '利息': '', '最新成交ID': '318368913', '信号区': '1', '占用保证金的币种': 'ETH', '最新指数价格': '3379.0100000000000000'}
2024-11-22 09:27:59,559 - OkexExecutionEngine - INFO - 成功获取持仓信息：{'产品类型': 'SWAP', '保证金模式': 'cross', '持仓ID': '1855617672122892288', '持仓方向': 'net', '持仓数量': '530', '仓位资产币种': '', '可平仓数量': '', '开仓平均价': '3379.7862253786597526', '未实现收益': '0.0003589322413926', '未实现收益率': '0.0068666844073773', '最新成交价': '3380.22', '预估强平价': '3287.1252452806752', '最新标记价格': '3380.56', '初始保证金': '0.0522595861829598', '保证金余额': '', '保证金率': '7.344970764706861', '维持保证金': '0.0062711503419552', '产品ID': 'ETH-USD-SWAP', '杠杆倍数': '30', '负债额': '', '负债币种': '', '利息': '', '最新成交ID': '318368913', '信号区': '1', '占用保证金的币种': 'ETH', '最新指数价格': '3379.0100000000000000'}
2024-11-22 09:28:02,623 - OkexExecutionEngine - INFO - 成功获取持仓信息：{'产品类型': 'SWAP', '保证金模式': 'cross', '持仓ID': '1855617672122892288', '持仓方向': 'net', '持仓数量': '530', '仓位资产币种': '', '可平仓数量': '', '开仓平均价': '3379.7862253786597526', '未实现收益': '0.0002754499804078', '未实现收益率': '0.0052695965069649', '最新成交价': '3380.22', '预估强平价': '3287.1252452806752', '最新标记价格': '3380.38', '初始保证金': '0.0522623689249926', '保证金余额': '', '保证金率': '7.332747318077428', '维持保证金': '0.0062714842709991', '产品ID': 'ETH-USD-SWAP', '杠杆倍数': '30', '负债额': '', '负债币种': '', '利息': '', '最新成交ID': '318368913', '信号区': '1', '占用保证金的币种': 'ETH', '最新指数价格': '3378.9200000000000000'}
2024-11-22 09:28:02,623 - OkexExecutionEngine - INFO - 成功获取持仓信息：{'产品类型': 'SWAP', '保证金模式': 'cross', '持仓ID': '1855617672122892288', '持仓方向': 'net', '持仓数量': '530', '仓位资产币种': '', '可平仓数量': '', '开仓平均价': '3379.7862253786597526', '未实现收益': '0.0002754499804078', '未实现收益率': '0.0052695965069649', '最新成交价': '3380.22', '预估强平价': '3287.1252452806752', '最新标记价格': '3380.38', '初始保证金': '0.0522623689249926', '保证金余额': '', '保证金率': '7.332747318077428', '维持保证金': '0.0062714842709991', '产品ID': 'ETH-USD-SWAP', '杠杆倍数': '30', '负债额': '', '负债币种': '', '利息': '', '最新成交ID': '318368913', '信号区': '1', '占用保证金的币种': 'ETH', '最新指数价格': '3378.9200000000000000'}
2024-11-22 09:28:07,667 - OkexExecutionEngine - INFO - 成功获取持仓信息：{'产品类型': 'SWAP', '保证金模式': 'cross', '持仓ID': '1855617672122892288', '持仓方向': 'net', '持仓数量': '530', '仓位资产币种': '', '可平仓数量': '', '开仓平均价': '3379.7862253786597526', '未实现收益': '0.0000991804520809', '未实现收益率': '0.0018974078817191', '最新成交价': '3379.62', '预估强平价': '3287.1252452806752', '最新标记价格': '3380', '初始保证金': '0.0522682445759369', '保证金余额': '', '保证金率': '7.30694226408192', '维持保证金': '0.0062721893491124', '产品ID': 'ETH-USD-SWAP', '杠杆倍数': '30', '负债额': '', '负债币种': '', '利息': '', '最新成交ID': '318368913', '信号区': '1', '占用保证金的币种': 'ETH', '最新指数价格': '3378.7100000000000000'}
2024-11-22 09:28:07,667 - OkexExecutionEngine - INFO - 成功获取持仓信息：{'产品类型': 'SWAP', '保证金模式': 'cross', '持仓ID': '1855617672122892288', '持仓方向': 'net', '持仓数量': '530', '仓位资产币种': '', '可平仓数量': '', '开仓平均价': '3379.7862253786597526', '未实现收益': '0.0000991804520809', '未实现收益率': '0.0018974078817191', '最新成交价': '3379.62', '预估强平价': '3287.1252452806752', '最新标记价格': '3380', '初始保证金': '0.0522682445759369', '保证金余额': '', '保证金率': '7.30694226408192', '维持保证金': '0.0062721893491124', '产品ID': 'ETH-USD-SWAP', '杠杆倍数': '30', '负债额': '', '负债币种': '', '利息': '', '最新成交ID': '318368913', '信号区': '1', '占用保证金的币种': 'ETH', '最新指数价格': '3378.7100000000000000'}
2024-11-22 09:28:09,481 - OkexExecutionEngine - INFO - 成功获取持仓信息：{'产品类型': 'SWAP', '保证金模式': 'cross', '持仓ID': '1855617672122892288', '持仓方向': 'net', '持仓数量': '530', '仓位资产币种': '', '可平仓数量': '', '开仓平均价': '3379.7862253786597526', '未实现收益': '0.0002058746378535', '未实现收益率': '0.003938559991542', '最新成交价': '3379.62', '预估强平价': '3287.1252452806752', '最新标记价格': '3380.23', '初始保证金': '0.0522646881030778', '保证金余额': '', '保证金率': '7.322561112552885', '维持保证金': '0.0062717625723693', '产品ID': 'ETH-USD-SWAP', '杠杆倍数': '30', '负债额': '', '负债币种': '', '利息': '', '最新成交ID': '318368913', '信号区': '1', '占用保证金的币种': 'ETH', '最新指数价格': '3378.8600000000000000'}
2024-11-22 09:28:09,481 - OkexExecutionEngine - INFO - 成功获取持仓信息：{'产品类型': 'SWAP', '保证金模式': 'cross', '持仓ID': '1855617672122892288', '持仓方向': 'net', '持仓数量': '530', '仓位资产币种': '', '可平仓数量': '', '开仓平均价': '3379.7862253786597526', '未实现收益': '0.0002058746378535', '未实现收益率': '0.003938559991542', '最新成交价': '3379.62', '预估强平价': '3287.1252452806752', '最新标记价格': '3380.23', '初始保证金': '0.0522646881030778', '保证金余额': '', '保证金率': '7.322561112552885', '维持保证金': '0.0062717625723693', '产品ID': 'ETH-USD-SWAP', '杠杆倍数': '30', '负债额': '', '负债币种': '', '利息': '', '最新成交ID': '318368913', '信号区': '1', '占用保证金的币种': 'ETH', '最新指数价格': '3378.8600000000000000'}
2024-11-22 09:28:10,714 - OkexExecutionEngine - INFO - 成功获取持仓信息：{'产品类型': 'SWAP', '保证金模式': 'cross', '持仓ID': '1855617672122892288', '持仓方向': 'net', '持仓数量': '530', '仓位资产币种': '', '可平仓数量': '', '开仓平均价': '3379.7862253786597526', '未实现收益': '0.0002615354058719', '未实现收益率': '0.0050033986540476', '最新成交价': '3380.21', '预估强平价': '3287.1252452806752', '最新标记价格': '3380.35', '初始保证金': '0.0522628327441439', '保证金余额': '', '保证金率': '7.330710076972519', '维持保证金': '0.0062715399292973', '产品ID': 'ETH-USD-SWAP', '杠杆倍数': '30', '负债额': '', '负债币种': '', '利息': '', '最新成交ID': '318368913', '信号区': '1', '占用保证金的币种': 'ETH', '最新指数价格': '3378.9600000000000000'}
2024-11-22 09:28:10,714 - OkexExecutionEngine - INFO - 成功获取持仓信息：{'产品类型': 'SWAP', '保证金模式': 'cross', '持仓ID': '1855617672122892288', '持仓方向': 'net', '持仓数量': '530', '仓位资产币种': '', '可平仓数量': '', '开仓平均价': '3379.7862253786597526', '未实现收益': '0.0002615354058719', '未实现收益率': '0.0050033986540476', '最新成交价': '3380.21', '预估强平价': '3287.1252452806752', '最新标记价格': '3380.35', '初始保证金': '0.0522628327441439', '保证金余额': '', '保证金率': '7.330710076972519', '维持保证金': '0.0062715399292973', '产品ID': 'ETH-USD-SWAP', '杠杆倍数': '30', '负债额': '', '负债币种': '', '利息': '', '最新成交ID': '318368913', '信号区': '1', '占用保证金的币种': 'ETH', '最新指数价格': '3378.9600000000000000'}
2024-11-22 09:28:14,333 - OkexExecutionEngine - INFO - 成功获取持仓信息：{'产品类型': 'SWAP', '保证金模式': 'cross', '持仓ID': '1855617672122892288', '持仓方向': 'net', '持仓数量': '530', '仓位资产币种': '', '可平仓数量': '', '开仓平均价': '3379.7862253786597526', '未实现收益': '0.0007993858275759', '未实现收益率': '0.0152929426913462', '最新成交价': '3380.21', '预估强平价': '3287.1252452806752', '最新标记价格': '3381.51', '初始保证金': '0.0522449043967537', '保证金余额': '', '保证金率': '7.409483399695627', '维持保证金': '0.0062693885276104', '产品ID': 'ETH-USD-SWAP', '杠杆倍数': '30', '负债额': '', '负债币种': '', '利息': '', '最新成交ID': '318368913', '信号区': '1', '占用保证金的币种': 'ETH', '最新指数价格': '3379.7200000000000000'}
2024-11-22 09:28:14,333 - OkexExecutionEngine - INFO - 成功获取持仓信息：{'产品类型': 'SWAP', '保证金模式': 'cross', '持仓ID': '1855617672122892288', '持仓方向': 'net', '持仓数量': '530', '仓位资产币种': '', '可平仓数量': '', '开仓平均价': '3379.7862253786597526', '未实现收益': '0.0007993858275759', '未实现收益率': '0.0152929426913462', '最新成交价': '3380.21', '预估强平价': '3287.1252452806752', '最新标记价格': '3381.51', '初始保证金': '0.0522449043967537', '保证金余额': '', '保证金率': '7.409483399695627', '维持保证金': '0.0062693885276104', '产品ID': 'ETH-USD-SWAP', '杠杆倍数': '30', '负债额': '', '负债币种': '', '利息': '', '最新成交ID': '318368913', '信号区': '1', '占用保证金的币种': 'ETH', '最新指数价格': '3379.7200000000000000'}
2024-11-22 09:28:15,864 - OkexExecutionEngine - INFO - 成功获取持仓信息：{'产品类型': 'SWAP', '保证金模式': 'cross', '持仓ID': '1855617672122892288', '持仓方向': 'net', '持仓数量': '530', '仓位资产币种': '', '可平仓数量': '', '开仓平均价': '3379.7862253786597526', '未实现收益': '0.0008874468486781', '未实现收益率': '0.0169776262353838', '最新成交价': '3382.07', '预估强平价': '3287.1252452806752', '最新标记价格': '3381.7', '初始保证金': '0.0522419690293836', '保证金余额': '', '保证金率': '7.422385926693378', '维持保证金': '0.006269036283526', '产品ID': 'ETH-USD-SWAP', '杠杆倍数': '30', '负债额': '', '负债币种': '', '利息': '', '最新成交ID': '318368913', '信号区': '1', '占用保证金的币种': 'ETH', '最新指数价格': '3379.7800000000000000'}
2024-11-22 09:28:15,864 - OkexExecutionEngine - INFO - 成功获取持仓信息：{'产品类型': 'SWAP', '保证金模式': 'cross', '持仓ID': '1855617672122892288', '持仓方向': 'net', '持仓数量': '530', '仓位资产币种': '', '可平仓数量': '', '开仓平均价': '3379.7862253786597526', '未实现收益': '0.0008874468486781', '未实现收益率': '0.0169776262353838', '最新成交价': '3382.07', '预估强平价': '3287.1252452806752', '最新标记价格': '3381.7', '初始保证金': '0.0522419690293836', '保证金余额': '', '保证金率': '7.422385926693378', '维持保证金': '0.006269036283526', '产品ID': 'ETH-USD-SWAP', '杠杆倍数': '30', '负债额': '', '负债币种': '', '利息': '', '最新成交ID': '318368913', '信号区': '1', '占用保证金的币种': 'ETH', '最新指数价格': '3379.7800000000000000'}
2024-11-22 09:28:17,462 - OkexExecutionEngine - INFO - 成功获取持仓信息：{'产品类型': 'SWAP', '保证金模式': 'cross', '持仓ID': '1855617672122892288', '持仓方向': 'net', '持仓数量': '530', '仓位资产币种': '', '可平仓数量': '', '开仓平均价': '3379.7862253786597526', '未实现收益': '0.0009198878884182', '未实现收益率': '0.0175982514009532', '最新成交价': '3382.07', '预估强平价': '3287.1252452806752', '最新标记价格': '3381.77', '初始保证金': '0.0522408876613923', '保证金余额': '', '保证金率': '7.427139489271503', '维持保证金': '0.0062689065193671', '产品ID': 'ETH-USD-SWAP', '杠杆倍数': '30', '负债额': '', '负债币种': '', '利息': '', '最新成交ID': '318368913', '信号区': '1', '占用保证金的币种': 'ETH', '最新指数价格': '3379.7600000000000000'}
2024-11-22 09:28:17,462 - OkexExecutionEngine - INFO - 成功获取持仓信息：{'产品类型': 'SWAP', '保证金模式': 'cross', '持仓ID': '1855617672122892288', '持仓方向': 'net', '持仓数量': '530', '仓位资产币种': '', '可平仓数量': '', '开仓平均价': '3379.7862253786597526', '未实现收益': '0.0009198878884182', '未实现收益率': '0.0175982514009532', '最新成交价': '3382.07', '预估强平价': '3287.1252452806752', '最新标记价格': '3381.77', '初始保证金': '0.0522408876613923', '保证金余额': '', '保证金率': '7.427139489271503', '维持保证金': '0.0062689065193671', '产品ID': 'ETH-USD-SWAP', '杠杆倍数': '30', '负债额': '', '负债币种': '', '利息': '', '最新成交ID': '318368913', '信号区': '1', '占用保证金的币种': 'ETH', '最新指数价格': '3379.7600000000000000'}
2024-11-22 09:28:18,927 - OkexExecutionEngine - INFO - 成功获取持仓信息：{'产品类型': 'SWAP', '保证金模式': 'cross', '持仓ID': '1855617672122892288', '持仓方向': 'net', '持仓数量': '530', '仓位资产币种': '', '可平仓数量': '', '开仓平均价': '3379.7862253786597526', '未实现收益': '0.0009013503158759', '未实现收益率': '0.0172436115953112', '最新成交价': '3382.07', '预估强平价': '3287.1252452806752', '最新标记价格': '3381.73', '初始保证金': '0.0522415055804771', '保证金余额': '', '保证金率': '7.424423167798297', '维持保证金': '0.0062689806696572', '产品ID': 'ETH-USD-SWAP', '杠杆倍数': '30', '负债额': '', '负债币种': '', '利息': '', '最新成交ID': '318368913', '信号区': '1', '占用保证金的币种': 'ETH', '最新指数价格': '3379.7500000000000000'}
2024-11-22 09:28:18,927 - OkexExecutionEngine - INFO - 成功获取持仓信息：{'产品类型': 'SWAP', '保证金模式': 'cross', '持仓ID': '1855617672122892288', '持仓方向': 'net', '持仓数量': '530', '仓位资产币种': '', '可平仓数量': '', '开仓平均价': '3379.7862253786597526', '未实现收益': '0.0009013503158759', '未实现收益率': '0.0172436115953112', '最新成交价': '3382.07', '预估强平价': '3287.1252452806752', '最新标记价格': '3381.73', '初始保证金': '0.0522415055804771', '保证金余额': '', '保证金率': '7.424423167798297', '维持保证金': '0.0062689806696572', '产品ID': 'ETH-USD-SWAP', '杠杆倍数': '30', '负债额': '', '负债币种': '', '利息': '', '最新成交ID': '318368913', '信号区': '1', '占用保证金的币种': 'ETH', '最新指数价格': '3379.7500000000000000'}
2024-11-22 09:28:20,237 - OkexExecutionEngine - INFO - 成功获取持仓信息：{'产品类型': 'SWAP', '保证金模式': 'cross', '持仓ID': '1855617672122892288', '持仓方向': 'net', '持仓数量': '530', '仓位资产币种': '', '可平仓数量': '', '开仓平均价': '3379.7862253786597526', '未实现收益': '0.0008642738551561', '未实现收益率': '0.0165343068147839', '最新成交价': '3382.07', '预估强平价': '3287.1252452806752', '最新标记价格': '3381.65', '初始保证金': '0.052242741462501', '保证金余额': '', '保证金率': '7.418990524851874', '维持保证金': '0.0062691289755001', '产品ID': 'ETH-USD-SWAP', '杠杆倍数': '30', '负债额': '', '负债币种': '', '利息': '', '最新成交ID': '318368913', '信号区': '1', '占用保证金的币种': 'ETH', '最新指数价格': '3379.7600000000000000'}
2024-11-22 09:28:20,237 - OkexExecutionEngine - INFO - 成功获取持仓信息：{'产品类型': 'SWAP', '保证金模式': 'cross', '持仓ID': '1855617672122892288', '持仓方向': 'net', '持仓数量': '530', '仓位资产币种': '', '可平仓数量': '', '开仓平均价': '3379.7862253786597526', '未实现收益': '0.0008642738551561', '未实现收益率': '0.0165343068147839', '最新成交价': '3382.07', '预估强平价': '3287.1252452806752', '最新标记价格': '3381.65', '初始保证金': '0.052242741462501', '保证金余额': '', '保证金率': '7.418990524851874', '维持保证金': '0.0062691289755001', '产品ID': 'ETH-USD-SWAP', '杠杆倍数': '30', '负债额': '', '负债币种': '', '利息': '', '最新成交ID': '318368913', '信号区': '1', '占用保证金的币种': 'ETH', '最新指数价格': '3379.7600000000000000'}
2024-11-22 09:28:21,465 - OkexExecutionEngine - INFO - 成功获取持仓信息：{'产品类型': 'SWAP', '保证金模式': 'cross', '持仓ID': '1855617672122892288', '持仓方向': 'net', '持仓数量': '530', '仓位资产币种': '', '可平仓数量': '', '开仓平均价': '3379.7862253786597526', '未实现收益': '0.0008040208648725', '未实现收益率': '0.0153816149661123', '最新成交价': '3382.07', '预估强平价': '3287.1252452806752', '最新标记价格': '3381.52', '初始保证金': '0.0522447498955105', '保证金余额': '', '保证金率': '7.410162480063942', '维持保证金': '0.0062693699874613', '产品ID': 'ETH-USD-SWAP', '杠杆倍数': '30', '负债额': '', '负债币种': '', '利息': '', '最新成交ID': '318368913', '信号区': '1', '占用保证金的币种': 'ETH', '最新指数价格': '3379.7400000000000000'}
2024-11-22 09:28:21,465 - OkexExecutionEngine - INFO - 成功获取持仓信息：{'产品类型': 'SWAP', '保证金模式': 'cross', '持仓ID': '1855617672122892288', '持仓方向': 'net', '持仓数量': '530', '仓位资产币种': '', '可平仓数量': '', '开仓平均价': '3379.7862253786597526', '未实现收益': '0.0008040208648725', '未实现收益率': '0.0153816149661123', '最新成交价': '3382.07', '预估强平价': '3287.1252452806752', '最新标记价格': '3381.52', '初始保证金': '0.0522447498955105', '保证金余额': '', '保证金率': '7.410162480063942', '维持保证金': '0.0062693699874613', '产品ID': 'ETH-USD-SWAP', '杠杆倍数': '30', '负债额': '', '负债币种': '', '利息': '', '最新成交ID': '318368913', '信号区': '1', '占用保证金的币种': 'ETH', '最新指数价格': '3379.7400000000000000'}
2024-11-22 09:28:22,712 - OkexExecutionEngine - INFO - 成功获取持仓信息：{'产品类型': 'SWAP', '保证金模式': 'cross', '持仓ID': '1855617672122892288', '持仓方向': 'net', '持仓数量': '530', '仓位资产币种': '', '可平仓数量': '', '开仓平均价': '3379.7862253786597526', '未实现收益': '0.000702043711319', '未实现收益率': '0.0134307037648884', '最新成交价': '3382.07', '预估强平价': '3287.1252452806752', '最新标记价格': '3381.3', '初始保证金': '0.0522481491339623', '保证金余额': '', '保证金率': '7.395222711961276', '维持保证金': '0.0062697778960755', '产品ID': 'ETH-USD-SWAP', '杠杆倍数': '30', '负债额': '', '负债币种': '', '利息': '', '最新成交ID': '318368913', '信号区': '1', '占用保证金的币种': 'ETH', '最新指数价格': '3379.5900000000000000'}
2024-11-22 09:28:22,712 - OkexExecutionEngine - INFO - 成功获取持仓信息：{'产品类型': 'SWAP', '保证金模式': 'cross', '持仓ID': '1855617672122892288', '持仓方向': 'net', '持仓数量': '530', '仓位资产币种': '', '可平仓数量': '', '开仓平均价': '3379.7862253786597526', '未实现收益': '0.000702043711319', '未实现收益率': '0.0134307037648884', '最新成交价': '3382.07', '预估强平价': '3287.1252452806752', '最新标记价格': '3381.3', '初始保证金': '0.0522481491339623', '保证金余额': '', '保证金率': '7.395222711961276', '维持保证金': '0.0062697778960755', '产品ID': 'ETH-USD-SWAP', '杠杆倍数': '30', '负债额': '', '负债币种': '', '利息': '', '最新成交ID': '318368913', '信号区': '1', '占用保证金的币种': 'ETH', '最新指数价格': '3379.5900000000000000'}
2024-11-22 09:29:03,959 - OkexExecutionEngine - INFO - 成功获取持仓信息：{'产品类型': 'SWAP', '保证金模式': 'cross', '持仓ID': '1855617672122892288', '持仓方向': 'net', '持仓数量': '530', '仓位资产币种': '', '可平仓数量': '', '开仓平均价': '3379.7862253786597526', '未实现收益': '0.0013414992241507', '未实现收益率': '0.0256640411272124', '最新成交价': '3382.67', '预估强平价': '3287.1252452806752', '最新标记价格': '3382.68', '初始保证金': '0.0522268339502012', '保证金余额': '', '保证金率': '7.488935802787028', '维持保证金': '0.0062672200740241', '产品ID': 'ETH-USD-SWAP', '杠杆倍数': '30', '负债额': '', '负债币种': '', '利息': '', '最新成交ID': '318368913', '信号区': '1', '占用保证金的币种': 'ETH', '最新指数价格': '3380.1400000000000000'}
2024-11-22 09:29:03,959 - OkexExecutionEngine - INFO - 成功获取持仓信息：{'产品类型': 'SWAP', '保证金模式': 'cross', '持仓ID': '1855617672122892288', '持仓方向': 'net', '持仓数量': '530', '仓位资产币种': '', '可平仓数量': '', '开仓平均价': '3379.7862253786597526', '未实现收益': '0.0013414992241507', '未实现收益率': '0.0256640411272124', '最新成交价': '3382.67', '预估强平价': '3287.1252452806752', '最新标记价格': '3382.68', '初始保证金': '0.0522268339502012', '保证金余额': '', '保证金率': '7.488935802787028', '维持保证金': '0.0062672200740241', '产品ID': 'ETH-USD-SWAP', '杠杆倍数': '30', '负债额': '', '负债币种': '', '利息': '', '最新成交ID': '318368913', '信号区': '1', '占用保证金的币种': 'ETH', '最新指数价格': '3380.1400000000000000'}
2024-11-22 09:29:33,700 - OkexExecutionEngine - INFO - 成功获取持仓信息：{'产品类型': 'SWAP', '保证金模式': 'cross', '持仓ID': '1855617672122892288', '持仓方向': 'net', '持仓数量': '530', '仓位资产币种': '', '可平仓数量': '', '开仓平均价': '3379.7862253786597526', '未实现收益': '0.0010867063095739', '未实现收益率': '0.0207896321667744', '最新成交价': '3382.19', '预估强平价': '3287.1252452806752', '最新标记价格': '3382.13', '初始保证金': '0.0522353270473538', '保证金余额': '', '保证金率': '7.451586382530401', '维持保证金': '0.0062682392456825', '产品ID': 'ETH-USD-SWAP', '杠杆倍数': '30', '负债额': '', '负债币种': '', '利息': '', '最新成交ID': '318368913', '信号区': '1', '占用保证金的币种': 'ETH', '最新指数价格': '3380.2700000000000000'}
2024-11-22 09:29:33,700 - OkexExecutionEngine - INFO - 成功获取持仓信息：{'产品类型': 'SWAP', '保证金模式': 'cross', '持仓ID': '1855617672122892288', '持仓方向': 'net', '持仓数量': '530', '仓位资产币种': '', '可平仓数量': '', '开仓平均价': '3379.7862253786597526', '未实现收益': '0.0010867063095739', '未实现收益率': '0.0207896321667744', '最新成交价': '3382.19', '预估强平价': '3287.1252452806752', '最新标记价格': '3382.13', '初始保证金': '0.0522353270473538', '保证金余额': '', '保证金率': '7.451586382530401', '维持保证金': '0.0062682392456825', '产品ID': 'ETH-USD-SWAP', '杠杆倍数': '30', '负债额': '', '负债币种': '', '利息': '', '最新成交ID': '318368913', '信号区': '1', '占用保证金的币种': 'ETH', '最新指数价格': '3380.2700000000000000'}
2024-11-22 09:29:34,988 - OkexExecutionEngine - INFO - 成功获取持仓信息：{'产品类型': 'SWAP', '保证金模式': 'cross', '持仓ID': '1855617672122892288', '持仓方向': 'net', '持仓数量': '530', '仓位资产币种': '', '可平仓数量': '', '开仓平均价': '3379.7862253786597526', '未实现收益': '0.0010728061308851', '未实现收益率': '0.0205237097188726', '最新成交价': '3382.01', '预估强平价': '3287.1252452806752', '最新标记价格': '3382.1', '初始保证金': '0.0522357903866434', '保证金余额': '', '保证金率': '7.449549141425468', '维持保证金': '0.0062682948463972', '产品ID': 'ETH-USD-SWAP', '杠杆倍数': '30', '负债额': '', '负债币种': '', '利息': '', '最新成交ID': '318368913', '信号区': '1', '占用保证金的币种': 'ETH', '最新指数价格': '3380.2500000000000000'}
2024-11-22 09:29:34,988 - OkexExecutionEngine - INFO - 成功获取持仓信息：{'产品类型': 'SWAP', '保证金模式': 'cross', '持仓ID': '1855617672122892288', '持仓方向': 'net', '持仓数量': '530', '仓位资产币种': '', '可平仓数量': '', '开仓平均价': '3379.7862253786597526', '未实现收益': '0.0010728061308851', '未实现收益率': '0.0205237097188726', '最新成交价': '3382.01', '预估强平价': '3287.1252452806752', '最新标记价格': '3382.1', '初始保证金': '0.0522357903866434', '保证金余额': '', '保证金率': '7.449549141425468', '维持保证金': '0.0062682948463972', '产品ID': 'ETH-USD-SWAP', '杠杆倍数': '30', '负债额': '', '负债币种': '', '利息': '', '最新成交ID': '318368913', '信号区': '1', '占用保证金的币种': 'ETH', '最新指数价格': '3380.2500000000000000'}
2024-11-22 09:55:20,236 - OkexExecutionEngine - INFO - 成功获取ETH的余额：可用余额 -0.002004273147188, 冻结余额：0.0523100306951312, 杠杆率:31.195254725233678, 总权益 171.6787725303928 USD, 账户总资产折合 169.87801572122504 USD
2024-11-22 09:55:20,236 - OkexExecutionEngine - INFO - 成功获取ETH的余额：可用余额 -0.002004273147188, 冻结余额：0.0523100306951312, 杠杆率:31.195254725233678, 总权益 171.6787725303928 USD, 账户总资产折合 169.87801572122504 USD
2024-11-22 09:55:29,162 - OkexExecutionEngine - INFO - 成功获取持仓信息：{'产品类型': 'SWAP', '保证金模式': 'cross', '持仓ID': '1855617672122892288', '持仓方向': 'net', '持仓数量': '530', '仓位资产币种': '', '可平仓数量': '', '开仓平均价': '3379.7862253786597526', '未实现收益': '-0.0007316751589461', '未实现收益率': '-0.0139975790018365', '最新成交价': '3378.47', '预估强平价': '3287.1252452806752', '最新标记价格': '3378.21', '初始保证金': '0.0522959397629711', '保证金余额': '', '保证金率': '7.185386878155748', '维持保证金': '0.0062755127715565', '产品ID': 'ETH-USD-SWAP', '杠杆倍数': '30', '负债额': '', '负债币种': '', '利息': '', '最新成交ID': '318368913', '信号区': '1', '占用保证金的币种': 'ETH', '最新指数价格': '3377.3900000000000000'}
2024-11-22 09:55:29,162 - OkexExecutionEngine - INFO - 成功获取持仓信息：{'产品类型': 'SWAP', '保证金模式': 'cross', '持仓ID': '1855617672122892288', '持仓方向': 'net', '持仓数量': '530', '仓位资产币种': '', '可平仓数量': '', '开仓平均价': '3379.7862253786597526', '未实现收益': '-0.0007316751589461', '未实现收益率': '-0.0139975790018365', '最新成交价': '3378.47', '预估强平价': '3287.1252452806752', '最新标记价格': '3378.21', '初始保证金': '0.0522959397629711', '保证金余额': '', '保证金率': '7.185386878155748', '维持保证金': '0.0062755127715565', '产品ID': 'ETH-USD-SWAP', '杠杆倍数': '30', '负债额': '', '负债币种': '', '利息': '', '最新成交ID': '318368913', '信号区': '1', '占用保证金的币种': 'ETH', '最新指数价格': '3377.3900000000000000'}
